<?xml version="1.0" encoding="UTF-8"?>
<testng-results ignored="0" total="1" passed="1" failed="0" skipped="0">
  <reporter-output>
  </reporter-output>
  <suite started-at="2021-01-06T22:14:41 IST" name="Default suite" finished-at="2021-01-06T22:14:56 IST" duration-ms="14605">
    <groups>
    </groups>
    <test started-at="2021-01-06T22:14:41 IST" name="Default test" finished-at="2021-01-06T22:14:56 IST" duration-ms="14605">
      <class name="com.pyxissocial.automation.tests.RegistrationTest">
        <test-method is-config="true" signature="preCondition()[pri:0, instance:com.pyxissocial.automation.tests.RegistrationTest@61d6015a]" started-at="2021-01-06T22:14:41 IST" name="preCondition" finished-at="2021-01-06T22:14:50 IST" duration-ms="9256" status="PASS">
          <reporter-output>
          </reporter-output>
        </test-method> <!-- preCondition -->
        <test-method signature="userRegistrationTest()[pri:0, instance:com.pyxissocial.automation.tests.RegistrationTest@61d6015a]" started-at="2021-01-06T22:14:50 IST" name="userRegistrationTest" finished-at="2021-01-06T22:14:55 IST" duration-ms="4648" status="PASS">
          <reporter-output>
          </reporter-output>
        </test-method> <!-- userRegistrationTest -->
        <test-method is-config="true" signature="tearDown()[pri:0, instance:com.pyxissocial.automation.tests.RegistrationTest@61d6015a]" started-at="2021-01-06T22:14:55 IST" name="tearDown" finished-at="2021-01-06T22:14:56 IST" duration-ms="665" status="PASS">
          <reporter-output>
          </reporter-output>
        </test-method> <!-- tearDown -->
      </class> <!-- com.pyxissocial.automation.tests.RegistrationTest -->
    </test> <!-- Default test -->
  </suite> <!-- Default suite -->
</testng-results>
